Build started 1/25/2016 10:57:55 AM.
     1>Project "C:\Users\austin.hollenbeck\Documents\Visual Studio 2015\Projects\GL stuff\GLThing\GLThing.vcxproj" on node 2 (Build target(s)).
     1>ClCompile:
         C:\Program Files (x86)\Microsoft Visual Studio 14.0\VC\bin\CL.exe /c /I"C:\Users\austin.hollenbeck\Documents\Visual Studio 2015\Projects\GL stuff\/inc" /ZI /nologo /W3 /WX- /sdl /Od /Oy- /D GLM_FORCE_PURE /D _MBCS /Gm /EHsc /RTC1 /MDd /GS /fp:precise /Zc:wchar_t /Zc:forScope /Zc:inline /Fo"Debug\\" /Fd"Debug\vc140.pdb" /Gd /TP /analyze- /errorReport:prompt DemoApp.cpp Source.cpp
         DemoApp.cpp
     1>c:\users\austin.hollenbeck\documents\visual studio 2015\projects\gl stuff\inc\fbx\fbxfile.h(3): warning C4005: 'GLM_FORCE_PURE': macro redefinition
         c:\users\austin.hollenbeck\documents\visual studio 2015\projects\gl stuff\inc\fbx\fbxfile.h(3): note: command-line arguments:  see previous definition of 'GLM_FORCE_PURE'
     1>c:\users\austin.hollenbeck\documents\visual studio 2015\projects\gl stuff\glthing\demoapp.cpp(277): warning C4305: 'return': truncation from 'int' to 'bool'
     1>c:\users\austin.hollenbeck\documents\visual studio 2015\projects\gl stuff\glthing\demoapp.cpp(396): warning C4805: '==': unsafe mix of type 'int' and type 'bool' in operation
     1>c:\users\austin.hollenbeck\documents\visual studio 2015\projects\gl stuff\glthing\demoapp.cpp(403): warning C4244: '=': conversion from 'double' to 'float', possible loss of data
         Generating Code...
         Skipping... (no relevant changes detected)
         Source.cpp
       Link:
         C:\Program Files (x86)\Microsoft Visual Studio 14.0\VC\bin\link.exe /ERRORREPORT:PROMPT /OUT:"C:\Users\austin.hollenbeck\Documents\Visual Studio 2015\Projects\GL stuff\Debug\GLThing.exe" /INCREMENTAL /NOLOGO /LIBPATH:"C:\Users\austin.hollenbeck\Documents\Visual Studio 2015\Projects\GL stuff\/dep" glfw3.lib opengl32.lib fbxloader_d.lib kernel32.lib user32.lib gdi32.lib winspool.lib comdlg32.lib advapi32.lib shell32.lib ole32.lib oleaut32.lib uuid.lib odbc32.lib odbccp32.lib /MANIFEST /MANIFESTUAC:"level='asInvoker' uiAccess='false'" /manifest:embed /Debug /PDB:"C:\Users\austin.hollenbeck\Documents\Visual Studio 2015\Projects\GL stuff\Debug\GLThing.pdb" /TLBID:1 /DYNAMICBASE /NXCOMPAT /IMPLIB:"C:\Users\austin.hollenbeck\Documents\Visual Studio 2015\Projects\GL stuff\Debug\GLThing.lib" /MACHINE:X86 Debug\Gizmos.obj
         Debug\gl_core_4_4.obj
         Debug\Camera.obj
         Debug\DemoApp.obj
         Debug\Source.obj
         GLThing.vcxproj -> C:\Users\austin.hollenbeck\Documents\Visual Studio 2015\Projects\GL stuff\Debug\GLThing.exe
     1>Done Building Project "C:\Users\austin.hollenbeck\Documents\Visual Studio 2015\Projects\GL stuff\GLThing\GLThing.vcxproj" (Build target(s)).

Build succeeded.

Time Elapsed 00:00:01.54
