c:\users\austin.hollenbeck\documents\visual studio 2015\projects\glthing\glthing\debug\vc140.pdb
c:\users\austin.hollenbeck\documents\visual studio 2015\projects\glthing\glthing\debug\vc140.idb
c:\users\austin.hollenbeck\documents\visual studio 2015\projects\glthing\glthing\debug\gizmos.nativecodeanalysis.xml
c:\users\austin.hollenbeck\documents\visual studio 2015\projects\glthing\glthing\debug\camera.nativecodeanalysis.xml
c:\users\austin.hollenbeck\documents\visual studio 2015\projects\glthing\glthing\debug\demoapp.nativecodeanalysis.xml
c:\users\austin.hollenbeck\documents\visual studio 2015\projects\glthing\glthing\debug\source.nativecodeanalysis.xml
c:\users\austin.hollenbeck\documents\visual studio 2015\projects\glthing\glthing\debug\source.obj
c:\users\austin.hollenbeck\documents\visual studio 2015\projects\glthing\glthing\debug\demoapp.obj
c:\users\austin.hollenbeck\documents\visual studio 2015\projects\glthing\glthing\debug\camera.obj
c:\users\austin.hollenbeck\documents\visual studio 2015\projects\glthing\glthing\debug\gizmos.obj
c:\users\austin.hollenbeck\documents\visual studio 2015\projects\glthing\glthing\debug\gl_core_4_4.nativecodeanalysis.xml
c:\users\austin.hollenbeck\documents\visual studio 2015\projects\glthing\glthing\debug\gl_core_4_4.obj
c:\users\austin.hollenbeck\documents\visual studio 2015\projects\gl stuff\glthing\debug\vc140.pdb
c:\users\austin.hollenbeck\documents\visual studio 2015\projects\gl stuff\glthing\debug\vc140.idb
c:\users\austin.hollenbeck\documents\visual studio 2015\projects\gl stuff\glthing\debug\gizmos.obj
c:\users\austin.hollenbeck\documents\visual studio 2015\projects\gl stuff\glthing\debug\camera.obj
c:\users\austin.hollenbeck\documents\visual studio 2015\projects\gl stuff\glthing\debug\demoapp.obj
c:\users\austin.hollenbeck\documents\visual studio 2015\projects\gl stuff\glthing\debug\source.obj
c:\users\austin.hollenbeck\documents\visual studio 2015\projects\gl stuff\glthing\debug\gl_core_4_4.obj
c:\users\austin.hollenbeck\documents\visual studio 2015\projects\glthing\debug\glthing.ilk
c:\users\austin.hollenbeck\documents\visual studio 2015\projects\glthing\debug\glthing.exe
c:\users\austin.hollenbeck\documents\visual studio 2015\projects\glthing\debug\glthing.pdb
c:\users\austin.hollenbeck\documents\visual studio 2015\projects\gl stuff\glthing\debug\nativecodeanalysis.read.1.tlog
c:\users\austin.hollenbeck\documents\visual studio 2015\projects\gl stuff\glthing\debug\camera.nativecodeanalysis.xml
c:\users\austin.hollenbeck\documents\visual studio 2015\projects\gl stuff\glthing\debug\demoapp.nativecodeanalysis.xml
c:\users\austin.hollenbeck\documents\visual studio 2015\projects\gl stuff\glthing\debug\gizmos.nativecodeanalysis.xml
c:\users\austin.hollenbeck\documents\visual studio 2015\projects\gl stuff\glthing\debug\gl_core_4_4.nativecodeanalysis.xml
c:\users\austin.hollenbeck\documents\visual studio 2015\projects\gl stuff\glthing\debug\source.nativecodeanalysis.xml
c:\users\austin.hollenbeck\documents\visual studio 2015\projects\gl stuff\glthing\debug\vc.nativecodeanalysis.all.xml
c:\users\austin.hollenbeck\documents\visual studio 2015\projects\gl stuff\debug\glthing.pdb
c:\users\austin.hollenbeck\documents\visual studio 2015\projects\gl stuff\debug\glthing.exe.lastcodeanalysissucceeded
c:\users\austin.hollenbeck\documents\visual studio 2015\projects\gl stuff\glthing\debug\glthing.tlog\cl.command.1.tlog
c:\users\austin.hollenbeck\documents\visual studio 2015\projects\gl stuff\glthing\debug\glthing.tlog\cl.read.1.tlog
c:\users\austin.hollenbeck\documents\visual studio 2015\projects\gl stuff\glthing\debug\glthing.tlog\cl.write.1.tlog
c:\users\austin.hollenbeck\documents\visual studio 2015\projects\gl stuff\glthing\debug\glthing.tlog\link.command.1.tlog
c:\users\austin.hollenbeck\documents\visual studio 2015\projects\gl stuff\glthing\debug\glthing.tlog\link.read.1.tlog
c:\users\austin.hollenbeck\documents\visual studio 2015\projects\gl stuff\glthing\debug\glthing.tlog\link.write.1.tlog
